Using pre-set license
Built from '2022.3/staging' branch; Version is '2022.3.25f1 (530ae0ba3889) revision 5442272'; Using compiler version '192829333'; Build Type 'Release'
OS: 'Windows 10  (10.0.19045) 64bit Core' Language: 'es' Physical Memory: 7113 MB
BatchMode: 1, IsHumanControllingUs: 0, StartBugReporterOnCrash: 0, Is64bit: 1, IsPro: 1

COMMAND LINE ARGUMENTS:
C:\Program Files\Unity\Hub\Editor\2022.3.25f1\Editor\Unity.exe
-adb2
-batchMode
-noUpm
-name
AssetImportWorker1
-projectPath
C:/Users/Usuario/Documents/GitHub/2DOutfitShop/2D Shopkeeper
-logFile
Logs/AssetImportWorker1.log
-srvPort
62259
Successfully changed project path to: C:/Users/Usuario/Documents/GitHub/2DOutfitShop/2D Shopkeeper
C:/Users/Usuario/Documents/GitHub/2DOutfitShop/2D Shopkeeper
[UnityMemory] Configuration Parameters - Can be set up in boot.config
    "memorysetup-bucket-allocator-granularity=16"
    "memorysetup-bucket-allocator-bucket-count=8"
    "memorysetup-bucket-allocator-block-size=33554432"
    "memorysetup-bucket-allocator-block-count=8"
    "memorysetup-main-allocator-block-size=16777216"
    "memorysetup-thread-allocator-block-size=16777216"
    "memorysetup-gfx-main-allocator-block-size=16777216"
    "memorysetup-gfx-thread-allocator-block-size=16777216"
    "memorysetup-cache-allocator-block-size=4194304"
    "memorysetup-typetree-allocator-block-size=2097152"
    "memorysetup-profiler-bucket-allocator-granularity=16"
    "memorysetup-profiler-bucket-allocator-bucket-count=8"
    "memorysetup-profiler-bucket-allocator-block-size=33554432"
    "memorysetup-profiler-bucket-allocator-block-count=8"
    "memorysetup-profiler-allocator-block-size=16777216"
    "memorysetup-profiler-editor-allocator-block-size=1048576"
    "memorysetup-temp-allocator-size-main=16777216"
    "memorysetup-job-temp-allocator-block-size=2097152"
    "memorysetup-job-temp-allocator-block-size-background=1048576"
    "memorysetup-job-temp-allocator-reduction-small-platforms=262144"
    "memorysetup-allocator-temp-initial-block-size-main=262144"
    "memorysetup-allocator-temp-initial-block-size-worker=262144"
    "memorysetup-temp-allocator-size-background-worker=32768"
    "memorysetup-temp-allocator-size-job-worker=262144"
    "memorysetup-temp-allocator-size-preload-manager=33554432"
    "memorysetup-temp-allocator-size-nav-mesh-worker=65536"
    "memorysetup-temp-allocator-size-audio-worker=65536"
    "memorysetup-temp-allocator-size-cloud-worker=32768"
    "memorysetup-temp-allocator-size-gi-baking-worker=262144"
    "memorysetup-temp-allocator-size-gfx=262144"
Player connection [9876] Host "[IP] 192.168.1.4 [Port] 0 [Flags] 2 [Guid] 1519220580 [EditorId] 1519220580 [Version] 1048832 [Id] WindowsEditor(7,LAPTOP-7NK7EKN0) [Debug] 1 [PackageName] WindowsEditor [ProjectName] Editor" joined multi-casting on [225.0.0.222:54997]...

Player connection [9876] Host "[IP] 192.168.1.4 [Port] 0 [Flags] 2 [Guid] 1519220580 [EditorId] 1519220580 [Version] 1048832 [Id] WindowsEditor(7,LAPTOP-7NK7EKN0) [Debug] 1 [PackageName] WindowsEditor [ProjectName] Editor" joined alternative multi-casting on [225.0.0.222:34997]...

[Physics::Module] Initialized MultithreadedJobDispatcher with 3 workers.
Refreshing native plugins compatible for Editor in 1228.22 ms, found 4 plugins.
Preloading 0 native plugins for Editor in 0.00 ms.
Initialize engine version: 2022.3.25f1 (530ae0ba3889)
[Subsystems] Discovering subsystems at path C:/Program Files/Unity/Hub/Editor/2022.3.25f1/Editor/Data/Resources/UnitySubsystems
[Subsystems] Discovering subsystems at path C:/Users/Usuario/Documents/GitHub/2DOutfitShop/2D Shopkeeper/Assets
GfxDevice: creating device client; threaded=0; jobified=0
Direct3D:
    Version:  Direct3D 11.0 [level 11.1]
    Renderer: AMD Radeon(TM) R4 Graphics (ID=0x9851)
    Vendor:   ATI
    VRAM:     3556 MB
    Driver:   27.20.1034.6
Shader Hidden/ProbeVolume/VoxelizeScene is not supported: GPU does not support conservative rasterization
Initialize mono
Mono path[0] = 'C:/Program Files/Unity/Hub/Editor/2022.3.25f1/Editor/Data/Managed'
Mono path[1] = 'C:/Program Files/Unity/Hub/Editor/2022.3.25f1/Editor/Data/MonoBleedingEdge/lib/mono/unityjit-win32'
Mono config path = 'C:/Program Files/Unity/Hub/Editor/2022.3.25f1/Editor/Data/MonoBleedingEdge/etc'
Using monoOptions --debugger-agent=transport=dt_socket,embedding=1,server=y,suspend=n,address=127.0.0.1:56680
Begin MonoManager ReloadAssembly
Registering precompiled unity dll's ...
Register platform support module: C:/Program Files/Unity/Hub/Editor/2022.3.25f1/Editor/Data/PlaybackEngines/WindowsStandaloneSupport/UnityEditor.WindowsStandalone.Extensions.dll
Registered in 0.041366 seconds.
- Loaded All Assemblies, in  8.954 seconds
Native extension for WindowsStandalone target not found
Mono: successfully reloaded assembly
- Finished resetting the current domain, in  1.276 seconds
Domain Reload Profiling: 10224ms
	BeginReloadAssembly (698ms)
		ExecutionOrderSort (0ms)
		DisableScriptedObjects (0ms)
		BackupInstance (0ms)
		ReleaseScriptingObjects (0ms)
		CreateAndSetChildDomain (3ms)
	RebuildCommonClasses (4082ms)
	RebuildNativeTypeToScriptingClass (52ms)
	initialDomainReloadingComplete (284ms)
	LoadAllAssembliesAndSetupDomain (3829ms)
		LoadAssemblies (689ms)
		RebuildTransferFunctionScriptingTraits (0ms)
		AnalyzeDomain (3823ms)
			TypeCache.Refresh (3818ms)
				TypeCache.ScanAssembly (3723ms)
			ScanForSourceGeneratedMonoScriptInfo (1ms)
			ResolveRequiredComponents (2ms)
	FinalizeReload (1278ms)
		ReleaseScriptCaches (0ms)
		RebuildScriptCaches (0ms)
		SetupLoadedEditorAssemblies (1003ms)
			LogAssemblyErrors (0ms)
			InitializePlatformSupportModulesInManaged (57ms)
			SetLoadedEditorAssemblies (28ms)
			RefreshPlugins (0ms)
			BeforeProcessingInitializeOnLoad (7ms)
			ProcessInitializeOnLoadAttributes (691ms)
			ProcessInitializeOnLoadMethodAttributes (220ms)
			AfterProcessingInitializeOnLoad (0ms)
			EditorAssembliesLoaded (0ms)
		ExecutionOrderSort2 (0ms)
		AwakeInstancesAfterBackupRestoration (0ms)
Assembly reference Assets/Scripts/Game/_Game.asmref has no target assembly definition
========================================================================
Worker process is ready to serve import requests
Assembly reference Assets/Scripts/Game/_Game.asmref has no target assembly definition
Begin MonoManager ReloadAssembly
- Loaded All Assemblies, in 12.094 seconds
Refreshing native plugins compatible for Editor in 25.27 ms, found 4 plugins.
Native extension for WindowsStandalone target not found
Assembly reference Assets/Scripts/Game/_Game.asmref has no target assembly definition
Package Manager log level set to [2]
[Package Manager] Server::EnsureServerProcessIsRunning -- launch failed, reason: Unity was launched with the -noUpm command-line argument
[Package Manager] UpmClient::Send -- Unable to send message (not connected to UPM process).
[Package Manager] Cannot connect to Unity Package Manager local server
Mono: successfully reloaded assembly
- Finished resetting the current domain, in  4.307 seconds
Domain Reload Profiling: 16383ms
	BeginReloadAssembly (656ms)
		ExecutionOrderSort (0ms)
		DisableScriptedObjects (22ms)
		BackupInstance (0ms)
		ReleaseScriptingObjects (1ms)
		CreateAndSetChildDomain (75ms)
	RebuildCommonClasses (193ms)
	RebuildNativeTypeToScriptingClass (47ms)
	initialDomainReloadingComplete (192ms)
	LoadAllAssembliesAndSetupDomain (10985ms)
		LoadAssemblies (9324ms)
		RebuildTransferFunctionScriptingTraits (0ms)
		AnalyzeDomain (2063ms)
			TypeCache.Refresh (1863ms)
				TypeCache.ScanAssembly (1081ms)
			ScanForSourceGeneratedMonoScriptInfo (135ms)
			ResolveRequiredComponents (57ms)
	FinalizeReload (4309ms)
		ReleaseScriptCaches (0ms)
		RebuildScriptCaches (0ms)
		SetupLoadedEditorAssemblies (3514ms)
			LogAssemblyErrors (0ms)
			InitializePlatformSupportModulesInManaged (27ms)
			SetLoadedEditorAssemblies (20ms)
			RefreshPlugins (0ms)
			BeforeProcessingInitializeOnLoad (391ms)
			ProcessInitializeOnLoadAttributes (2516ms)
			ProcessInitializeOnLoadMethodAttributes (525ms)
			AfterProcessingInitializeOnLoad (33ms)
			EditorAssembliesLoaded (1ms)
		ExecutionOrderSort2 (0ms)
		AwakeInstancesAfterBackupRestoration (28ms)
Shader Hidden/ProbeVolume/VoxelizeScene is not supported: GPU does not support conservative rasterization
Launched and connected shader compiler UnityShaderCompiler.exe after 0.61 seconds
Refreshing native plugins compatible for Editor in 34.38 ms, found 4 plugins.
Preloading 0 native plugins for Editor in 0.00 ms.
Unloading 6081 Unused Serialized files (Serialized files now loaded: 0)
Unloading 107 unused Assets / (0.9 MB). Loaded Objects now: 6527.
Memory consumption went from 231.2 MB to 230.3 MB.
Total: 23.852400 ms (FindLiveObjects: 2.035100 ms CreateObjectMapping: 1.627900 ms MarkObjects: 18.453700 ms  DeleteObjects: 1.732000 ms)

AssetImportParameters requested are different than current active one (requested -> active):
  custom:scripting/monoscript/fileName/IObserverInventory.cs: 9fa80b5c5596964d0f9523e1830bdb30 -> 
  custom:container-demuxer-ogg: 62fdf1f143b41e24485cea50d1cbac27 -> 
  custom:video-decoder-ogg-theora: a1e56fd34408186e4bbccfd4996cb3dc -> 
  custom:framework-win-MediaFoundation: 216162199b28c13a410421893ffa2e32 -> 
  custom:scripting/monoscript/fileName/WalletController.cs: 67ad1d49ad13b7e28f04ed36d529dfbc -> 7e6f0758582908122a41c6587dd00cec
  custom:CustomObjectIndexerAttribute: 72b91833f83ae208fae7752999fa3104 -> 
  custom:scripting/monoscript/fileName/IObservableInventory.cs: ddaf1b6c05d6882f8ec9422947da0e98 -> 
  custom:container-demuxer-webm: 4f35f7cbe854078d1ac9338744f61a02 -> 
  custom:scripting/monoscript/fileName/BoxCollider2DWithPublicEvents.cs: f9886e2b7efd2fcc22fd966e4c17303c -> 4e79fac4c784d2f47635e25aa276f626
  custom:scripting/monoscript/fileName/InventoryView.cs: 3785fdef41943c6cd864b864ee13e606 -> 
  custom:container-muxer-webm: aa71ff27fc2769a1b78a27578f13a17b -> 
  custom:video-decoder-webm-vp8: 9c59270c3fd7afecdb556c50c9e8de78 -> 
  custom:scripting/monoscript/fileName/ItemDatabaseScriptableObject.cs: e623a2948986fc05f63fac79566f0215 -> c0149ecfd53d7ac9e257dd8c9f5a2208
  custom:SearchIndexIgnoredProperties: e643bd26f0fe6173181afceb89e7c659 -> 
  custom:AudioImporter_EditorPlatform: d09bf68614088b80899f8185d706f6e7 -> 
  custom:scripting/monoscript/fileName/WalletData ScriptableObject.cs: 082b4cba06b04f590ef5a714f032f5b7 -> 4f1424a310c6c5c5b7e721dcbc416d85
  custom:scripting/monoscript/fileName/OutfitShopView.cs: ca08a9b2bfe1af1fc28ec2a405e5d3ee -> 79ce42707cac5dce962a4819cb9c6fab
  custom:scripting/monoscript/fileName/Player2DPhysicsBasedMovement.cs: a65b9720bec4ef63eb852870327ab5c8 -> 6cf9d96880332137221af51f9c84119c
  custom:scripting/monoscript/fileName/ItemScriptableObject.cs: 80d8ee6fc8995eb533bb6ed817563aa3 -> d4fd693cac2dbd636f23ed49c72046ed
  custom:video-encoder-webm-vp8: eb34c28f22e8b96e1ab97ce403110664 -> 
  custom:audio-decoder-ogg-vorbis: bf7c407c2cedff20999df2af8eb42d56 -> 
  custom:scripting/monoscript/fileName/IInventoryView.cs: 09ee3285fbbb74bfab87c69bf6e0cec8 -> 
  custom:audio-encoder-webm-vorbis: bf7c407c2cedff20999df2af8eb42d56 -> 
  custom:scripting/monoscript/fileName/OutfitShopController.cs: f2da6322264a38005ad70278e1eb96d3 -> e070c4d0fdde1ed3c062ebea56764e95
========================================================================
Received Import Request.
  Time since last request: 1154883.756091 seconds.
  path: Assets/ExternalAssets/2DArt/Mana Seed Farmer Sprite Free Sample/farmer base sheets/01body/fbas_1body_human_00.png
  artifactKey: Guid(77fc60eb51b44ef4ebe3ce4e44b816bd) Importer(815301076,1909f56bfc062723c751e8b465ee728b)
Start importing Assets/ExternalAssets/2DArt/Mana Seed Farmer Sprite Free Sample/farmer base sheets/01body/fbas_1body_human_00.png using Guid(77fc60eb51b44ef4ebe3ce4e44b816bd) Importer(815301076,1909f56bfc062723c751e8b465ee728b)  -> (artifact id: '741fb6aaaa0abed3b5d84c0957f69ff3') in 0.450794 seconds
Number of updated asset objects reloaded before import = 0
Number of asset objects unloaded after import = 2
========================================================================
Received Import Request.
  Time since last request: 28.282016 seconds.
  path: Assets/ExternalAssets/2DArt/Mana Seed Farmer Sprite Free Sample/farmer base sheets/01body/fbas_1body_human_00.png
  artifactKey: Guid(77fc60eb51b44ef4ebe3ce4e44b816bd) Importer(815301076,1909f56bfc062723c751e8b465ee728b)
Start importing Assets/ExternalAssets/2DArt/Mana Seed Farmer Sprite Free Sample/farmer base sheets/01body/fbas_1body_human_00.png using Guid(77fc60eb51b44ef4ebe3ce4e44b816bd) Importer(815301076,1909f56bfc062723c751e8b465ee728b)  -> (artifact id: '5f1a7d6cf68e02dbe08ec66c6c3c324f') in 2.238475 seconds
Number of updated asset objects reloaded before import = 0
Number of asset objects unloaded after import = 202
========================================================================
Received Import Request.
  Time since last request: 1168.682259 seconds.
  path: Assets/Animations
  artifactKey: Guid(08a2169b744968f4f88b149d019964a1) Importer(815301076,1909f56bfc062723c751e8b465ee728b)
Start importing Assets/Animations using Guid(08a2169b744968f4f88b149d019964a1) Importer(815301076,1909f56bfc062723c751e8b465ee728b)  -> (artifact id: '4ef2749be9d23bfe305c2f682943005e') in 0.026651 seconds
Number of updated asset objects reloaded before import = 0
Number of asset objects unloaded after import = 0
========================================================================
Received Import Request.
  Time since last request: 14.079458 seconds.
  path: Assets/Animations/Character
  artifactKey: Guid(9be508134712a3e42aef1dbf6f474ef4) Importer(815301076,1909f56bfc062723c751e8b465ee728b)
Start importing Assets/Animations/Character using Guid(9be508134712a3e42aef1dbf6f474ef4) Importer(815301076,1909f56bfc062723c751e8b465ee728b)  -> (artifact id: '892ee76ff432539a0c95cbe1feb822b8') in 0.009598 seconds
Number of updated asset objects reloaded before import = 0
Number of asset objects unloaded after import = 0
========================================================================
Received Import Request.
  Time since last request: 106.084057 seconds.
  path: Assets/Animations/Character/Standing Animation.anim
  artifactKey: Guid(91e1f8b0d5b62b3429c51ccbf2d1a973) Importer(815301076,1909f56bfc062723c751e8b465ee728b)
Start importing Assets/Animations/Character/Standing Animation.anim using Guid(91e1f8b0d5b62b3429c51ccbf2d1a973) Importer(815301076,1909f56bfc062723c751e8b465ee728b)  -> (artifact id: 'c35af6596261433b9aa79c14df138adf') in 0.073422 seconds
Number of updated asset objects reloaded before import = 0
Number of asset objects unloaded after import = 1
========================================================================
Received Import Request.
  Time since last request: 183.061908 seconds.
  path: Assets/ExternalAssets/2DArt/Mana Seed Farmer Sprite Free Sample/farmer base sheets/01body
  artifactKey: Guid(f0a8d221b62e4d84fa69e5a62bde4715) Importer(815301076,1909f56bfc062723c751e8b465ee728b)
Start importing Assets/ExternalAssets/2DArt/Mana Seed Farmer Sprite Free Sample/farmer base sheets/01body using Guid(f0a8d221b62e4d84fa69e5a62bde4715) Importer(815301076,1909f56bfc062723c751e8b465ee728b)  -> (artifact id: '5c98fb92be05c3e01d318790d1a0c38d') in 0.091688 seconds
Number of updated asset objects reloaded before import = 0
Number of asset objects unloaded after import = 0
========================================================================
Received Import Request.
  Time since last request: 440.666195 seconds.
  path: Assets/Animations/PlayerCharacter
  artifactKey: Guid(9be508134712a3e42aef1dbf6f474ef4) Importer(815301076,1909f56bfc062723c751e8b465ee728b)
Start importing Assets/Animations/PlayerCharacter using Guid(9be508134712a3e42aef1dbf6f474ef4) Importer(815301076,1909f56bfc062723c751e8b465ee728b)  -> (artifact id: '812b1d8359d14ba6b54946083d92da59') in 0.006479 seconds
Number of updated asset objects reloaded before import = 0
Number of asset objects unloaded after import = 0
========================================================================
Received Import Request.
  Time since last request: 18.896969 seconds.
  path: Assets/Animations/PlayerCharacter/PlayerNew Animator Controller.controller
  artifactKey: Guid(4000345f0d0f291429813fdcc90e3026) Importer(815301076,1909f56bfc062723c751e8b465ee728b)
Start importing Assets/Animations/PlayerCharacter/PlayerNew Animator Controller.controller using Guid(4000345f0d0f291429813fdcc90e3026) Importer(815301076,1909f56bfc062723c751e8b465ee728b)  -> (artifact id: '43d30e095baf264d9f015fd60d2cda8b') in 1.402252 seconds
Number of updated asset objects reloaded before import = 0
Number of asset objects unloaded after import = 1
========================================================================
Received Import Request.
  Time since last request: 6.656985 seconds.
  path: Assets/Animations/PlayerCharacter/PlayerCharacter Animator Controller.controller
  artifactKey: Guid(4000345f0d0f291429813fdcc90e3026) Importer(815301076,1909f56bfc062723c751e8b465ee728b)
Start importing Assets/Animations/PlayerCharacter/PlayerCharacter Animator Controller.controller using Guid(4000345f0d0f291429813fdcc90e3026) Importer(815301076,1909f56bfc062723c751e8b465ee728b)  -> (artifact id: 'd55891c97c1068c6a956708869c30e43') in 0.266367 seconds
Number of updated asset objects reloaded before import = 0
Number of asset objects unloaded after import = 2
========================================================================
Received Import Request.
  Time since last request: 1014.825095 seconds.
  path: Assets/Animations/PlayerCharacter/Idle Animation.anim
  artifactKey: Guid(32d979ef0e5070841abc44e76023ed23) Importer(815301076,1909f56bfc062723c751e8b465ee728b)
Start importing Assets/Animations/PlayerCharacter/Idle Animation.anim using Guid(32d979ef0e5070841abc44e76023ed23) Importer(815301076,1909f56bfc062723c751e8b465ee728b)  -> (artifact id: '88eda96c9f038eb2725a03618feae90f') in 0.035422 seconds
Number of updated asset objects reloaded before import = 0
Number of asset objects unloaded after import = 1
========================================================================
Received Import Request.
  Time since last request: 2.595047 seconds.
  path: Assets/Animations/PlayerCharacter/WalkLeft Animation.anim
  artifactKey: Guid(d69529395a093ae4f98169834b9d23af) Importer(815301076,1909f56bfc062723c751e8b465ee728b)
Start importing Assets/Animations/PlayerCharacter/WalkLeft Animation.anim using Guid(d69529395a093ae4f98169834b9d23af) Importer(815301076,1909f56bfc062723c751e8b465ee728b)  -> (artifact id: 'e1323c3b7a7b2c29baea4151f3f513b1') in 0.206597 seconds
Number of updated asset objects reloaded before import = 0
Number of asset objects unloaded after import = 1
========================================================================
Received Import Request.
  Time since last request: 0.285777 seconds.
  path: Assets/Animations/PlayerCharacter/WalkRight Animation.anim
  artifactKey: Guid(48b6d323efecbbc4395d0e44bca8185c) Importer(815301076,1909f56bfc062723c751e8b465ee728b)
Start importing Assets/Animations/PlayerCharacter/WalkRight Animation.anim using Guid(48b6d323efecbbc4395d0e44bca8185c) Importer(815301076,1909f56bfc062723c751e8b465ee728b)  -> (artifact id: '6d34b970429e72f434e04a21b98b888c') in 0.061138 seconds
Number of updated asset objects reloaded before import = 0
Number of asset objects unloaded after import = 1
========================================================================
Received Import Request.
  Time since last request: 81.213664 seconds.
  path: Assets/Animations/PlayerCharacter/PlayerCharacter Animator Controller.controller
  artifactKey: Guid(4000345f0d0f291429813fdcc90e3026) Importer(815301076,1909f56bfc062723c751e8b465ee728b)
Start importing Assets/Animations/PlayerCharacter/PlayerCharacter Animator Controller.controller using Guid(4000345f0d0f291429813fdcc90e3026) Importer(815301076,1909f56bfc062723c751e8b465ee728b)  -> (artifact id: '10dd3f8f35ecb9bbbc85f95dfa390e23') in 0.079279 seconds
Number of updated asset objects reloaded before import = 0
Number of asset objects unloaded after import = 6
========================================================================
Received Prepare
Assembly reference Assets/Scripts/Game/_Game.asmref has no target assembly definition
Assembly reference Assets/Scripts/Game/_Game.asmref has no target assembly definition
Begin MonoManager ReloadAssembly
- Loaded All Assemblies, in 13.604 seconds
Refreshing native plugins compatible for Editor in 31.09 ms, found 4 plugins.
Native extension for WindowsStandalone target not found
Assembly reference Assets/Scripts/Game/_Game.asmref has no target assembly definition
[Package Manager] Server::EnsureServerProcessIsRunning -- launch failed, reason: Unity was launched with the -noUpm command-line argument
[Package Manager] UpmClient::Send -- Unable to send message (not connected to UPM process).
[Package Manager] Cannot connect to Unity Package Manager local server
Mono: successfully reloaded assembly
- Finished resetting the current domain, in 163.028 seconds
Domain Reload Profiling: 176616ms
	BeginReloadAssembly (3207ms)
		ExecutionOrderSort (0ms)
		DisableScriptedObjects (545ms)
		BackupInstance (0ms)
		ReleaseScriptingObjects (1ms)
		CreateAndSetChildDomain (1038ms)
	RebuildCommonClasses (168ms)
	RebuildNativeTypeToScriptingClass (49ms)
	initialDomainReloadingComplete (147ms)
	LoadAllAssembliesAndSetupDomain (10017ms)
		LoadAssemblies (10925ms)
		RebuildTransferFunctionScriptingTraits (0ms)
		AnalyzeDomain (98ms)
			TypeCache.Refresh (32ms)
				TypeCache.ScanAssembly (0ms)
			ScanForSourceGeneratedMonoScriptInfo (1ms)
			ResolveRequiredComponents (48ms)
	FinalizeReload (163029ms)
		ReleaseScriptCaches (0ms)
		RebuildScriptCaches (0ms)
		SetupLoadedEditorAssemblies (2768ms)
			LogAssemblyErrors (0ms)
			InitializePlatformSupportModulesInManaged (31ms)
			SetLoadedEditorAssemblies (15ms)
			RefreshPlugins (0ms)
			BeforeProcessingInitializeOnLoad (621ms)
			ProcessInitializeOnLoadAttributes (1622ms)
			ProcessInitializeOnLoadMethodAttributes (428ms)
			AfterProcessingInitializeOnLoad (51ms)
			EditorAssembliesLoaded (1ms)
		ExecutionOrderSort2 (0ms)
		AwakeInstancesAfterBackupRestoration (77ms)
Shader Hidden/ProbeVolume/VoxelizeScene is not supported: GPU does not support conservative rasterization
Refreshing native plugins compatible for Editor in 58.27 ms, found 4 plugins.
Preloading 0 native plugins for Editor in 0.00 ms.
Unloading 5929 Unused Serialized files (Serialized files now loaded: 0)
Unloading 64 unused Assets / (0.9 MB). Loaded Objects now: 6540.
Memory consumption went from 211.2 MB to 210.3 MB.
Total: 17.653200 ms (FindLiveObjects: 1.898100 ms CreateObjectMapping: 1.590500 ms MarkObjects: 12.538700 ms  DeleteObjects: 1.621300 ms)

Prepare: number of updated asset objects reloaded= 0
AssetImportParameters requested are different than current active one (requested -> active):
  custom:scripting/monoscript/fileName/IObserverInventory.cs: 9fa80b5c5596964d0f9523e1830bdb30 -> 
  custom:container-demuxer-ogg: 62fdf1f143b41e24485cea50d1cbac27 -> 
  custom:video-decoder-ogg-theora: a1e56fd34408186e4bbccfd4996cb3dc -> 
  custom:framework-win-MediaFoundation: 216162199b28c13a410421893ffa2e32 -> 
  custom:scripting/monoscript/fileName/WalletController.cs: 67ad1d49ad13b7e28f04ed36d529dfbc -> 7e6f0758582908122a41c6587dd00cec
  custom:CustomObjectIndexerAttribute: 72b91833f83ae208fae7752999fa3104 -> 
  custom:scripting/monoscript/fileName/IObservableInventory.cs: ddaf1b6c05d6882f8ec9422947da0e98 -> 
  custom:container-demuxer-webm: 4f35f7cbe854078d1ac9338744f61a02 -> 
  custom:scripting/monoscript/fileName/BoxCollider2DWithPublicEvents.cs: f9886e2b7efd2fcc22fd966e4c17303c -> 4e79fac4c784d2f47635e25aa276f626
  custom:scripting/monoscript/fileName/InventoryView.cs: 3785fdef41943c6cd864b864ee13e606 -> 
  custom:container-muxer-webm: aa71ff27fc2769a1b78a27578f13a17b -> 
  custom:video-decoder-webm-vp8: 9c59270c3fd7afecdb556c50c9e8de78 -> 
  custom:scripting/monoscript/fileName/ItemDatabaseScriptableObject.cs: e623a2948986fc05f63fac79566f0215 -> c0149ecfd53d7ac9e257dd8c9f5a2208
  custom:SearchIndexIgnoredProperties: e643bd26f0fe6173181afceb89e7c659 -> 
  custom:AudioImporter_EditorPlatform: d09bf68614088b80899f8185d706f6e7 -> 
  custom:scripting/monoscript/fileName/WalletData ScriptableObject.cs: 082b4cba06b04f590ef5a714f032f5b7 -> 4f1424a310c6c5c5b7e721dcbc416d85
  custom:scripting/monoscript/fileName/OutfitShopView.cs: ca08a9b2bfe1af1fc28ec2a405e5d3ee -> 79ce42707cac5dce962a4819cb9c6fab
  custom:scripting/monoscript/fileName/Player2DPhysicsBasedMovement.cs: a65b9720bec4ef63eb852870327ab5c8 -> 6cf9d96880332137221af51f9c84119c
  custom:scripting/monoscript/fileName/ItemScriptableObject.cs: 80d8ee6fc8995eb533bb6ed817563aa3 -> d4fd693cac2dbd636f23ed49c72046ed
  custom:video-encoder-webm-vp8: eb34c28f22e8b96e1ab97ce403110664 -> 
  custom:audio-decoder-ogg-vorbis: bf7c407c2cedff20999df2af8eb42d56 -> 
  custom:scripting/monoscript/fileName/IInventoryView.cs: 09ee3285fbbb74bfab87c69bf6e0cec8 -> 
  custom:audio-encoder-webm-vorbis: bf7c407c2cedff20999df2af8eb42d56 -> 
  custom:scripting/monoscript/fileName/OutfitShopController.cs: f2da6322264a38005ad70278e1eb96d3 -> e070c4d0fdde1ed3c062ebea56764e95
========================================================================
Received Prepare
Assembly reference Assets/Scripts/Game/_Game.asmref has no target assembly definition
Assembly reference Assets/Scripts/Game/_Game.asmref has no target assembly definition
Begin MonoManager ReloadAssembly
- Loaded All Assemblies, in  3.003 seconds
Refreshing native plugins compatible for Editor in 45.50 ms, found 4 plugins.
Native extension for WindowsStandalone target not found
Assembly reference Assets/Scripts/Game/_Game.asmref has no target assembly definition
[Package Manager] Server::EnsureServerProcessIsRunning -- launch failed, reason: Unity was launched with the -noUpm command-line argument
[Package Manager] UpmClient::Send -- Unable to send message (not connected to UPM process).
[Package Manager] Cannot connect to Unity Package Manager local server
Mono: successfully reloaded assembly
- Finished resetting the current domain, in  7.837 seconds
Domain Reload Profiling: 10821ms
	BeginReloadAssembly (1152ms)
		ExecutionOrderSort (0ms)
		DisableScriptedObjects (39ms)
		BackupInstance (0ms)
		ReleaseScriptingObjects (0ms)
		CreateAndSetChildDomain (138ms)
	RebuildCommonClasses (137ms)
	RebuildNativeTypeToScriptingClass (46ms)
	initialDomainReloadingComplete (197ms)
	LoadAllAssembliesAndSetupDomain (1451ms)
		LoadAssemblies (2267ms)
		RebuildTransferFunctionScriptingTraits (0ms)
		AnalyzeDomain (67ms)
			TypeCache.Refresh (20ms)
				TypeCache.ScanAssembly (0ms)
			ScanForSourceGeneratedMonoScriptInfo (1ms)
			ResolveRequiredComponents (44ms)
	FinalizeReload (7838ms)
		ReleaseScriptCaches (0ms)
		RebuildScriptCaches (0ms)
		SetupLoadedEditorAssemblies (2208ms)
			LogAssemblyErrors (0ms)
			InitializePlatformSupportModulesInManaged (35ms)
			SetLoadedEditorAssemblies (18ms)
			RefreshPlugins (0ms)
			BeforeProcessingInitializeOnLoad (329ms)
			ProcessInitializeOnLoadAttributes (1502ms)
			ProcessInitializeOnLoadMethodAttributes (281ms)
			AfterProcessingInitializeOnLoad (39ms)
			EditorAssembliesLoaded (3ms)
		ExecutionOrderSort2 (0ms)
		AwakeInstancesAfterBackupRestoration (68ms)
Shader Hidden/ProbeVolume/VoxelizeScene is not supported: GPU does not support conservative rasterization
Refreshing native plugins compatible for Editor in 20.33 ms, found 4 plugins.
Preloading 0 native plugins for Editor in 0.00 ms.
Unloading 5929 Unused Serialized files (Serialized files now loaded: 0)
Unloading 64 unused Assets / (0.9 MB). Loaded Objects now: 6545.
Memory consumption went from 213.1 MB to 212.3 MB.
Total: 16.891000 ms (FindLiveObjects: 2.676200 ms CreateObjectMapping: 1.242700 ms MarkObjects: 11.604300 ms  DeleteObjects: 1.364100 ms)

Prepare: number of updated asset objects reloaded= 0
AssetImportParameters requested are different than current active one (requested -> active):
  custom:scripting/monoscript/fileName/IObserverInventory.cs: 9fa80b5c5596964d0f9523e1830bdb30 -> 
  custom:container-demuxer-ogg: 62fdf1f143b41e24485cea50d1cbac27 -> 
  custom:video-decoder-ogg-theora: a1e56fd34408186e4bbccfd4996cb3dc -> 
  custom:framework-win-MediaFoundation: 216162199b28c13a410421893ffa2e32 -> 
  custom:scripting/monoscript/fileName/WalletController.cs: 67ad1d49ad13b7e28f04ed36d529dfbc -> 7e6f0758582908122a41c6587dd00cec
  custom:CustomObjectIndexerAttribute: 72b91833f83ae208fae7752999fa3104 -> 
  custom:scripting/monoscript/fileName/IObservableInventory.cs: ddaf1b6c05d6882f8ec9422947da0e98 -> 
  custom:container-demuxer-webm: 4f35f7cbe854078d1ac9338744f61a02 -> 
  custom:scripting/monoscript/fileName/BoxCollider2DWithPublicEvents.cs: f9886e2b7efd2fcc22fd966e4c17303c -> 4e79fac4c784d2f47635e25aa276f626
  custom:scripting/monoscript/fileName/InventoryView.cs: 3785fdef41943c6cd864b864ee13e606 -> 
  custom:container-muxer-webm: aa71ff27fc2769a1b78a27578f13a17b -> 
  custom:video-decoder-webm-vp8: 9c59270c3fd7afecdb556c50c9e8de78 -> 
  custom:scripting/monoscript/fileName/ItemDatabaseScriptableObject.cs: e623a2948986fc05f63fac79566f0215 -> c0149ecfd53d7ac9e257dd8c9f5a2208
  custom:SearchIndexIgnoredProperties: e643bd26f0fe6173181afceb89e7c659 -> 
  custom:AudioImporter_EditorPlatform: d09bf68614088b80899f8185d706f6e7 -> 
  custom:scripting/monoscript/fileName/WalletData ScriptableObject.cs: 082b4cba06b04f590ef5a714f032f5b7 -> 4f1424a310c6c5c5b7e721dcbc416d85
  custom:scripting/monoscript/fileName/OutfitShopView.cs: ca08a9b2bfe1af1fc28ec2a405e5d3ee -> 79ce42707cac5dce962a4819cb9c6fab
  custom:scripting/monoscript/fileName/Player2DPhysicsBasedMovement.cs: a65b9720bec4ef63eb852870327ab5c8 -> 6cf9d96880332137221af51f9c84119c
  custom:scripting/monoscript/fileName/ItemScriptableObject.cs: 80d8ee6fc8995eb533bb6ed817563aa3 -> d4fd693cac2dbd636f23ed49c72046ed
  custom:video-encoder-webm-vp8: eb34c28f22e8b96e1ab97ce403110664 -> 
  custom:audio-decoder-ogg-vorbis: bf7c407c2cedff20999df2af8eb42d56 -> 
  custom:scripting/monoscript/fileName/IInventoryView.cs: 09ee3285fbbb74bfab87c69bf6e0cec8 -> 
  custom:audio-encoder-webm-vorbis: bf7c407c2cedff20999df2af8eb42d56 -> 
  custom:scripting/monoscript/fileName/OutfitShopController.cs: f2da6322264a38005ad70278e1eb96d3 -> e070c4d0fdde1ed3c062ebea56764e95
